[0.011s] Invoking command in '/home/stephanie/AV-NMP-Control-Systems/build/nav2_straightline_planner': /usr/bin/cmake /home/stephanie/AV-NMP-Control-Systems/dev_ws/src/navigation2_tutorials/nav2_straightline_planner -DCMAKE_INSTALL_PREFIX=/home/stephanie/AV-NMP-Control-Systems/install/nav2_straightline_planner
[0.177s] -- The C compiler identification is GNU 9.3.0
[0.323s] -- The CXX compiler identification is GNU 9.3.0
[0.332s] -- Check for working C compiler: /usr/bin/cc
[0.402s] -- Check for working C compiler: /usr/bin/cc -- works
[0.404s] -- Detecting C compiler ABI info
[0.468s] -- Detecting C compiler ABI info - done
[0.480s] -- Detecting C compile features
[0.481s] -- Detecting C compile features - done
[0.485s] -- Check for working CXX compiler: /usr/bin/c++
[0.557s] -- Check for working CXX compiler: /usr/bin/c++ -- works
[0.558s] -- Detecting CXX compiler ABI info
[0.629s] -- Detecting CXX compiler ABI info - done
[0.641s] -- Detecting CXX compile features
[0.641s] -- Detecting CXX compile features - done
[0.652s] CMake Error at CMakeLists.txt:12 (find_package):
[0.652s]   By not providing "Findament_cmake.cmake" in CMAKE_MODULE_PATH this project
[0.652s]   has asked CMake to find a package configuration file provided by
[0.652s]   "ament_cmake", but CMake did not find one.
[0.652s] 
[0.652s]   Could not find a package configuration file provided by "ament_cmake" with
[0.652s]   any of the following names:
[0.652s] 
[0.652s]     ament_cmakeConfig.cmake
[0.652s]     ament_cmake-config.cmake
[0.652s] 
[0.653s]   Add the installation prefix of "ament_cmake" to CMAKE_PREFIX_PATH or set
[0.653s]   "ament_cmake_DIR" to a directory containing one of the above files.  If
[0.653s]   "ament_cmake" provides a separate development package or SDK, be sure it
[0.653s]   has been installed.
[0.653s] 
[0.653s] 
[0.653s] -- Configuring incomplete, errors occurred!
[0.653s] See also "/home/stephanie/AV-NMP-Control-Systems/build/nav2_straightline_planner/CMakeFiles/CMakeOutput.log".
[0.655s] Invoked command in '/home/stephanie/AV-NMP-Control-Systems/build/nav2_straightline_planner' returned '1': /usr/bin/cmake /home/stephanie/AV-NMP-Control-Systems/dev_ws/src/navigation2_tutorials/nav2_straightline_planner -DCMAKE_INSTALL_PREFIX=/home/stephanie/AV-NMP-Control-Systems/install/nav2_straightline_planner
