[0.310s] DEBUG:colcon:Command line arguments: ['/usr/bin/colcon', 'build']
[0.310s] DEBUG:colcon:Parsed command line arguments: Namespace(ament_cmake_args=None, base_paths=['.'], build_base='build', catkin_cmake_args=None, catkin_skip_building_tests=False, cmake_args=None, cmake_clean_cache=False, cmake_clean_first=False, cmake_force_configure=False, cmake_target=None, cmake_target_skip_unavailable=False, continue_on_error=False, event_handlers=None, executor='parallel', ignore_user_meta=False, install_base='install', log_base=None, log_level=None, main=<bound method BuildVerb.main of <colcon_core.verb.build.BuildVerb object at 0x7f107a5b0d60>>, merge_install=False, metas=['./colcon.meta'], packages_above=None, packages_above_and_dependencies=None, packages_above_depth=None, packages_end=None, packages_ignore=None, packages_ignore_regex=None, packages_select=None, packages_select_build_failed=False, packages_select_by_dep=None, packages_select_regex=None, packages_select_test_failures=False, packages_skip=None, packages_skip_build_finished=False, packages_skip_by_dep=None, packages_skip_regex=None, packages_skip_test_passed=False, packages_skip_up_to=None, packages_start=None, packages_up_to=None, packages_up_to_regex=None, parallel_workers=6, paths=None, symlink_install=False, test_result_base=None, verb_extension=<colcon_core.verb.build.BuildVerb object at 0x7f107a5b0d60>, verb_name='build', verb_parser=<colcon_defaults.argument_parser.defaults.DefaultArgumentsDecorator object at 0x7f107a5ba310>)
[0.315s] Level 1:colcon.colcon_core.package_discovery:discover_packages(colcon_meta) check parameters
[0.315s] Level 1:colcon.colcon_core.package_discovery:discover_packages(recursive) check parameters
[0.315s] Level 1:colcon.colcon_core.package_discovery:discover_packages(ignore) check parameters
[0.315s] Level 1:colcon.colcon_core.package_discovery:discover_packages(path) check parameters
[0.315s] Level 1:colcon.colcon_core.package_discovery:discover_packages(colcon_meta) discover
[0.315s] Level 1:colcon.colcon_core.package_discovery:discover_packages(recursive) discover
[0.315s] INFO:colcon.colcon_core.package_discovery:Crawling recursively for packages in '/home/stephanie/AV-NMP-Control-Systems'
[0.316s] Level 1:colcon.colcon_core.package_identification:_identify(.) by extensions ['ignore', 'ignore_ament_install']
[0.316s] Level 1:colcon.colcon_core.package_identification:_identify(.) by extension 'ignore'
[0.316s] Level 1:colcon.colcon_core.package_identification:_identify(.) by extension 'ignore_ament_install'
[0.316s] Level 1:colcon.colcon_core.package_identification:_identify(.) by extensions ['colcon_pkg']
[0.316s] Level 1:colcon.colcon_core.package_identification:_identify(.) by extension 'colcon_pkg'
[0.316s] Level 1:colcon.colcon_core.package_identification:_identify(.) by extensions ['colcon_meta']
[0.316s] Level 1:colcon.colcon_core.package_identification:_identify(.) by extension 'colcon_meta'
[0.316s] Level 1:colcon.colcon_core.package_identification:_identify(.) by extensions ['ros']
[0.316s] Level 1:colcon.colcon_core.package_identification:_identify(.) by extension 'ros'
[0.326s] Level 1:colcon.colcon_core.package_identification:_identify(.) by extensions ['cmake', 'python']
[0.327s] Level 1:colcon.colcon_core.package_identification:_identify(.) by extension 'cmake'
[0.327s] Level 1:colcon.colcon_core.package_identification:_identify(.) by extension 'python'
[0.327s] Level 1:colcon.colcon_core.package_identification:_identify(.) by extensions ['python_setup_py']
[0.327s] Level 1:colcon.colcon_core.package_identification:_identify(.) by extension 'python_setup_py'
[0.327s] Level 1:colcon.colcon_core.package_identification:_identify(build) by extensions ['ignore', 'ignore_ament_install']
[0.327s] Level 1:colcon.colcon_core.package_identification:_identify(build) by extension 'ignore'
[0.327s] Level 1:colcon.colcon_core.package_identification:_identify(build) ignored
[0.327s] Level 1:colcon.colcon_core.package_identification:_identify(dev_ws) by extensions ['ignore', 'ignore_ament_install']
[0.327s] Level 1:colcon.colcon_core.package_identification:_identify(dev_ws) by extension 'ignore'
[0.327s] Level 1:colcon.colcon_core.package_identification:_identify(dev_ws) by extension 'ignore_ament_install'
[0.327s] Level 1:colcon.colcon_core.package_identification:_identify(dev_ws) by extensions ['colcon_pkg']
[0.327s] Level 1:colcon.colcon_core.package_identification:_identify(dev_ws) by extension 'colcon_pkg'
[0.327s] Level 1:colcon.colcon_core.package_identification:_identify(dev_ws) by extensions ['colcon_meta']
[0.327s] Level 1:colcon.colcon_core.package_identification:_identify(dev_ws) by extension 'colcon_meta'
[0.328s] Level 1:colcon.colcon_core.package_identification:_identify(dev_ws) by extensions ['ros']
[0.328s] Level 1:colcon.colcon_core.package_identification:_identify(dev_ws) by extension 'ros'
[0.328s] Level 1:colcon.colcon_core.package_identification:_identify(dev_ws) by extensions ['cmake', 'python']
[0.328s] Level 1:colcon.colcon_core.package_identification:_identify(dev_ws) by extension 'cmake'
[0.328s] Level 1:colcon.colcon_core.package_identification:_identify(dev_ws) by extension 'python'
[0.328s] Level 1:colcon.colcon_core.package_identification:_identify(dev_ws) by extensions ['python_setup_py']
[0.328s] Level 1:colcon.colcon_core.package_identification:_identify(dev_ws) by extension 'python_setup_py'
[0.328s] Level 1:colcon.colcon_core.package_identification:_identify(dev_ws/build) by extensions ['ignore', 'ignore_ament_install']
[0.328s] Level 1:colcon.colcon_core.package_identification:_identify(dev_ws/build) by extension 'ignore'
[0.328s] Level 1:colcon.colcon_core.package_identification:_identify(dev_ws/build) ignored
[0.328s] Level 1:colcon.colcon_core.package_identification:_identify(dev_ws/install) by extensions ['ignore', 'ignore_ament_install']
[0.328s] Level 1:colcon.colcon_core.package_identification:_identify(dev_ws/install) by extension 'ignore'
[0.328s] Level 1:colcon.colcon_core.package_identification:_identify(dev_ws/install) ignored
[0.328s] Level 1:colcon.colcon_core.package_identification:_identify(dev_ws/log) by extensions ['ignore', 'ignore_ament_install']
[0.328s] Level 1:colcon.colcon_core.package_identification:_identify(dev_ws/log) by extension 'ignore'
[0.329s] Level 1:colcon.colcon_core.package_identification:_identify(dev_ws/log) ignored
[0.329s] Level 1:colcon.colcon_core.package_identification:_identify(dev_ws/src) by extensions ['ignore', 'ignore_ament_install']
[0.329s] Level 1:colcon.colcon_core.package_identification:_identify(dev_ws/src) by extension 'ignore'
[0.329s] Level 1:colcon.colcon_core.package_identification:_identify(dev_ws/src) by extension 'ignore_ament_install'
[0.329s] Level 1:colcon.colcon_core.package_identification:_identify(dev_ws/src) by extensions ['colcon_pkg']
[0.329s] Level 1:colcon.colcon_core.package_identification:_identify(dev_ws/src) by extension 'colcon_pkg'
[0.329s] Level 1:colcon.colcon_core.package_identification:_identify(dev_ws/src) by extensions ['colcon_meta']
[0.329s] Level 1:colcon.colcon_core.package_identification:_identify(dev_ws/src) by extension 'colcon_meta'
[0.329s] Level 1:colcon.colcon_core.package_identification:_identify(dev_ws/src) by extensions ['ros']
[0.329s] Level 1:colcon.colcon_core.package_identification:_identify(dev_ws/src) by extension 'ros'
[0.329s] Level 1:colcon.colcon_core.package_identification:_identify(dev_ws/src) by extensions ['cmake', 'python']
[0.329s] Level 1:colcon.colcon_core.package_identification:_identify(dev_ws/src) by extension 'cmake'
[0.329s] Level 1:colcon.colcon_core.package_identification:_identify(dev_ws/src) by extension 'python'
[0.329s] Level 1:colcon.colcon_core.package_identification:_identify(dev_ws/src) by extensions ['python_setup_py']
[0.329s] Level 1:colcon.colcon_core.package_identification:_identify(dev_ws/src) by extension 'python_setup_py'
[0.329s] Level 1:colcon.colcon_core.package_identification:_identify(dev_ws/src/navigation2_tutorials) by extensions ['ignore', 'ignore_ament_install']
[0.329s] Level 1:colcon.colcon_core.package_identification:_identify(dev_ws/src/navigation2_tutorials) by extension 'ignore'
[0.329s] Level 1:colcon.colcon_core.package_identification:_identify(dev_ws/src/navigation2_tutorials) by extension 'ignore_ament_install'
[0.330s] Level 1:colcon.colcon_core.package_identification:_identify(dev_ws/src/navigation2_tutorials) by extensions ['colcon_pkg']
[0.330s] Level 1:colcon.colcon_core.package_identification:_identify(dev_ws/src/navigation2_tutorials) by extension 'colcon_pkg'
[0.330s] Level 1:colcon.colcon_core.package_identification:_identify(dev_ws/src/navigation2_tutorials) by extensions ['colcon_meta']
[0.330s] Level 1:colcon.colcon_core.package_identification:_identify(dev_ws/src/navigation2_tutorials) by extension 'colcon_meta'
[0.330s] Level 1:colcon.colcon_core.package_identification:_identify(dev_ws/src/navigation2_tutorials) by extensions ['ros']
[0.330s] Level 1:colcon.colcon_core.package_identification:_identify(dev_ws/src/navigation2_tutorials) by extension 'ros'
[0.330s] Level 1:colcon.colcon_core.package_identification:_identify(dev_ws/src/navigation2_tutorials) by extensions ['cmake', 'python']
[0.330s] Level 1:colcon.colcon_core.package_identification:_identify(dev_ws/src/navigation2_tutorials) by extension 'cmake'
[0.330s] Level 1:colcon.colcon_core.package_identification:_identify(dev_ws/src/navigation2_tutorials) by extension 'python'
[0.330s] Level 1:colcon.colcon_core.package_identification:_identify(dev_ws/src/navigation2_tutorials) by extensions ['python_setup_py']
[0.330s] Level 1:colcon.colcon_core.package_identification:_identify(dev_ws/src/navigation2_tutorials) by extension 'python_setup_py'
[0.330s] Level 1:colcon.colcon_core.package_identification:_identify(dev_ws/src/navigation2_tutorials/build) by extensions ['ignore', 'ignore_ament_install']
[0.330s] Level 1:colcon.colcon_core.package_identification:_identify(dev_ws/src/navigation2_tutorials/build) by extension 'ignore'
[0.330s] Level 1:colcon.colcon_core.package_identification:_identify(dev_ws/src/navigation2_tutorials/build) ignored
[0.330s] Level 1:colcon.colcon_core.package_identification:_identify(dev_ws/src/navigation2_tutorials/install) by extensions ['ignore', 'ignore_ament_install']
[0.330s] Level 1:colcon.colcon_core.package_identification:_identify(dev_ws/src/navigation2_tutorials/install) by extension 'ignore'
[0.331s] Level 1:colcon.colcon_core.package_identification:_identify(dev_ws/src/navigation2_tutorials/install) ignored
[0.331s] Level 1:colcon.colcon_core.package_identification:_identify(dev_ws/src/navigation2_tutorials/log) by extensions ['ignore', 'ignore_ament_install']
[0.331s] Level 1:colcon.colcon_core.package_identification:_identify(dev_ws/src/navigation2_tutorials/log) by extension 'ignore'
[0.331s] Level 1:colcon.colcon_core.package_identification:_identify(dev_ws/src/navigation2_tutorials/log) ignored
[0.331s] Level 1:colcon.colcon_core.package_identification:_identify(dev_ws/src/navigation2_tutorials/nav2_straightline_planner) by extensions ['ignore', 'ignore_ament_install']
[0.331s] Level 1:colcon.colcon_core.package_identification:_identify(dev_ws/src/navigation2_tutorials/nav2_straightline_planner) by extension 'ignore'
[0.331s] Level 1:colcon.colcon_core.package_identification:_identify(dev_ws/src/navigation2_tutorials/nav2_straightline_planner) by extension 'ignore_ament_install'
[0.331s] Level 1:colcon.colcon_core.package_identification:_identify(dev_ws/src/navigation2_tutorials/nav2_straightline_planner) by extensions ['colcon_pkg']
[0.331s] Level 1:colcon.colcon_core.package_identification:_identify(dev_ws/src/navigation2_tutorials/nav2_straightline_planner) by extension 'colcon_pkg'
[0.331s] Level 1:colcon.colcon_core.package_identification:_identify(dev_ws/src/navigation2_tutorials/nav2_straightline_planner) by extensions ['colcon_meta']
[0.331s] Level 1:colcon.colcon_core.package_identification:_identify(dev_ws/src/navigation2_tutorials/nav2_straightline_planner) by extension 'colcon_meta'
[0.331s] Level 1:colcon.colcon_core.package_identification:_identify(dev_ws/src/navigation2_tutorials/nav2_straightline_planner) by extensions ['ros']
[0.331s] Level 1:colcon.colcon_core.package_identification:_identify(dev_ws/src/navigation2_tutorials/nav2_straightline_planner) by extension 'ros'
[0.335s] DEBUG:colcon.colcon_core.package_identification:Package 'dev_ws/src/navigation2_tutorials/nav2_straightline_planner' with type 'ros.ament_cmake' and name 'nav2_straightline_planner'
[0.335s] Level 1:colcon.colcon_core.package_identification:_identify(install) by extensions ['ignore', 'ignore_ament_install']
[0.335s] Level 1:colcon.colcon_core.package_identification:_identify(install) by extension 'ignore'
[0.335s] Level 1:colcon.colcon_core.package_identification:_identify(install) ignored
[0.335s] Level 1:colcon.colcon_core.package_identification:_identify(log) by extensions ['ignore', 'ignore_ament_install']
[0.335s] Level 1:colcon.colcon_core.package_identification:_identify(log) by extension 'ignore'
[0.335s] Level 1:colcon.colcon_core.package_identification:_identify(log) ignored
[0.336s] Level 1:colcon.colcon_core.package_discovery:discover_packages(recursive) using defaults
[0.336s] Level 1:colcon.colcon_core.package_discovery:discover_packages(ignore) discover
[0.336s] Level 1:colcon.colcon_core.package_discovery:discover_packages(ignore) using defaults
[0.336s] Level 1:colcon.colcon_core.package_discovery:discover_packages(path) discover
[0.336s] Level 1:colcon.colcon_core.package_discovery:discover_packages(path) using defaults
[0.354s] Level 5:colcon.colcon_core.verb:set package 'nav2_straightline_planner' build argument 'cmake_args' from command line to 'None'
[0.355s] Level 5:colcon.colcon_core.verb:set package 'nav2_straightline_planner' build argument 'cmake_target' from command line to 'None'
[0.355s] Level 5:colcon.colcon_core.verb:set package 'nav2_straightline_planner' build argument 'cmake_target_skip_unavailable' from command line to 'False'
[0.355s] Level 5:colcon.colcon_core.verb:set package 'nav2_straightline_planner' build argument 'cmake_clean_cache' from command line to 'False'
[0.355s] Level 5:colcon.colcon_core.verb:set package 'nav2_straightline_planner' build argument 'cmake_clean_first' from command line to 'False'
[0.355s] Level 5:colcon.colcon_core.verb:set package 'nav2_straightline_planner' build argument 'cmake_force_configure' from command line to 'False'
[0.355s] Level 5:colcon.colcon_core.verb:set package 'nav2_straightline_planner' build argument 'ament_cmake_args' from command line to 'None'
[0.355s] Level 5:colcon.colcon_core.verb:set package 'nav2_straightline_planner' build argument 'catkin_cmake_args' from command line to 'None'
[0.355s] Level 5:colcon.colcon_core.verb:set package 'nav2_straightline_planner' build argument 'catkin_skip_building_tests' from command line to 'False'
[0.355s] DEBUG:colcon.colcon_core.verb:Building package 'nav2_straightline_planner' with the following arguments: {'ament_cmake_args': None, 'build_base': '/home/stephanie/AV-NMP-Control-Systems/build/nav2_straightline_planner', 'catkin_cmake_args': None, 'catkin_skip_building_tests': False, 'cmake_args': None, 'cmake_clean_cache': False, 'cmake_clean_first': False, 'cmake_force_configure': False, 'cmake_target': None, 'cmake_target_skip_unavailable': False, 'install_base': '/home/stephanie/AV-NMP-Control-Systems/install/nav2_straightline_planner', 'merge_install': False, 'path': '/home/stephanie/AV-NMP-Control-Systems/dev_ws/src/navigation2_tutorials/nav2_straightline_planner', 'symlink_install': False, 'test_result_base': None}
[0.355s] INFO:colcon.colcon_core.executor:Executing jobs using 'parallel' executor
[0.357s] DEBUG:colcon.colcon_parallel_executor.executor.parallel:run_until_complete
[0.358s] INFO:colcon.colcon_ros.task.ament_cmake.build:Building ROS package in '/home/stephanie/AV-NMP-Control-Systems/dev_ws/src/navigation2_tutorials/nav2_straightline_planner' with build type 'ament_cmake'
[0.358s] INFO:colcon.colcon_cmake.task.cmake.build:Building CMake package in '/home/stephanie/AV-NMP-Control-Systems/dev_ws/src/navigation2_tutorials/nav2_straightline_planner'
[0.361s] INFO:colcon.colcon_core.plugin_system:Skipping extension 'colcon_core.shell.bat': Not used on non-Windows systems
[0.361s] INFO:colcon.colcon_core.shell:Skip shell extension 'powershell' for command environment: Not usable outside of PowerShell
[0.361s] DEBUG:colcon.colcon_core.shell:Skip shell extension 'dsv' for command environment
[0.370s] DEBUG:colcon.colcon_core.event_handler.log_command:Invoking command in '/home/stephanie/AV-NMP-Control-Systems/build/nav2_straightline_planner': /usr/bin/cmake /home/stephanie/AV-NMP-Control-Systems/dev_ws/src/navigation2_tutorials/nav2_straightline_planner -DCMAKE_INSTALL_PREFIX=/home/stephanie/AV-NMP-Control-Systems/install/nav2_straightline_planner
[1.014s] DEBUG:colcon.colcon_core.event_handler.log_command:Invoked command in '/home/stephanie/AV-NMP-Control-Systems/build/nav2_straightline_planner' returned '1': /usr/bin/cmake /home/stephanie/AV-NMP-Control-Systems/dev_ws/src/navigation2_tutorials/nav2_straightline_planner -DCMAKE_INSTALL_PREFIX=/home/stephanie/AV-NMP-Control-Systems/install/nav2_straightline_planner
[1.029s] Level 1:colcon.colcon_core.environment:create_environment_scripts_only(nav2_straightline_planner)
[1.032s] Level 1:colcon.colcon_core.environment:checking '/home/stephanie/AV-NMP-Control-Systems/install/nav2_straightline_planner' for CMake module files
[1.032s] Level 1:colcon.colcon_core.environment:checking '/home/stephanie/AV-NMP-Control-Systems/install/nav2_straightline_planner' for CMake config files
[1.033s] Level 1:colcon.colcon_core.environment:checking '/home/stephanie/AV-NMP-Control-Systems/install/nav2_straightline_planner/bin'
[1.033s] Level 1:colcon.colcon_core.environment:checking '/home/stephanie/AV-NMP-Control-Systems/install/nav2_straightline_planner/lib/pkgconfig/nav2_straightline_planner.pc'
[1.033s] Level 1:colcon.colcon_core.environment:checking '/home/stephanie/AV-NMP-Control-Systems/install/nav2_straightline_planner/lib/python3.8/site-packages'
[1.033s] INFO:colcon.colcon_core.shell:Creating package script '/home/stephanie/AV-NMP-Control-Systems/install/nav2_straightline_planner/share/nav2_straightline_planner/package.ps1'
[1.034s] INFO:colcon.colcon_core.shell:Creating package descriptor '/home/stephanie/AV-NMP-Control-Systems/install/nav2_straightline_planner/share/nav2_straightline_planner/package.dsv'
[1.035s] INFO:colcon.colcon_core.shell:Creating package script '/home/stephanie/AV-NMP-Control-Systems/install/nav2_straightline_planner/share/nav2_straightline_planner/package.sh'
[1.035s] INFO:colcon.colcon_core.shell:Creating package script '/home/stephanie/AV-NMP-Control-Systems/install/nav2_straightline_planner/share/nav2_straightline_planner/package.bash'
[1.036s] INFO:colcon.colcon_core.shell:Creating package script '/home/stephanie/AV-NMP-Control-Systems/install/nav2_straightline_planner/share/nav2_straightline_planner/package.zsh'
[1.036s] Level 1:colcon.colcon_core.environment:create_file_with_runtime_dependencies(/home/stephanie/AV-NMP-Control-Systems/install/nav2_straightline_planner/share/colcon-core/packages/nav2_straightline_planner)
[1.047s] DEBUG:colcon.colcon_parallel_executor.executor.parallel:closing loop
[1.047s] DEBUG:colcon.colcon_parallel_executor.executor.parallel:loop closed
[1.047s] DEBUG:colcon.colcon_parallel_executor.executor.parallel:run_until_complete finished with '1'
[1.048s] DEBUG:colcon.colcon_core.event_reactor:joining thread
[1.053s] INFO:colcon.colcon_core.plugin_system:Skipping extension 'colcon_notification.desktop_notification.terminal_notifier': Not used on non-Darwin systems
[1.054s] INFO:colcon.colcon_core.plugin_system:Skipping extension 'colcon_notification.desktop_notification.win32': Not used on non-Windows systems
[1.054s] INFO:colcon.colcon_notification.desktop_notification:Sending desktop notification using 'notify2'
[1.073s] DEBUG:colcon.colcon_core.event_reactor:joined thread
[1.073s] INFO:colcon.colcon_core.shell:Creating prefix script '/home/stephanie/AV-NMP-Control-Systems/install/local_setup.ps1'
[1.074s] INFO:colcon.colcon_core.shell:Creating prefix util module '/home/stephanie/AV-NMP-Control-Systems/install/_local_setup_util_ps1.py'
[1.076s] INFO:colcon.colcon_core.shell:Creating prefix chain script '/home/stephanie/AV-NMP-Control-Systems/install/setup.ps1'
[1.078s] INFO:colcon.colcon_core.shell:Creating prefix script '/home/stephanie/AV-NMP-Control-Systems/install/local_setup.sh'
[1.078s] INFO:colcon.colcon_core.shell:Creating prefix util module '/home/stephanie/AV-NMP-Control-Systems/install/_local_setup_util_sh.py'
[1.079s] INFO:colcon.colcon_core.shell:Creating prefix chain script '/home/stephanie/AV-NMP-Control-Systems/install/setup.sh'
[1.081s] INFO:colcon.colcon_core.shell:Creating prefix script '/home/stephanie/AV-NMP-Control-Systems/install/local_setup.bash'
[1.081s] INFO:colcon.colcon_core.shell:Creating prefix chain script '/home/stephanie/AV-NMP-Control-Systems/install/setup.bash'
[1.083s] INFO:colcon.colcon_core.shell:Creating prefix script '/home/stephanie/AV-NMP-Control-Systems/install/local_setup.zsh'
[1.084s] INFO:colcon.colcon_core.shell:Creating prefix chain script '/home/stephanie/AV-NMP-Control-Systems/install/setup.zsh'
